<?xml version="1.0" encoding="UTF-8"?>
<!-- Generated by org.testng.reporters.JUnitXMLReporter -->
<testsuite hostname="HP-HP" ignored="0" name="BaningApp Test" tests="1" failures="1" timestamp="02 Jun 2020 12:15:41 GMT" time="42.86" errors="0">
  <testcase name="loginTest" time="26.45" classname="com.iNetbanking.testcases.LoginTest">
    <failure type="java.lang.AssertionError" message="expected [true] but found [false]">
      <![CDATA[java.lang.AssertionError: expected [true] but found [false]
	at com.iNetbanking.testcases.LoginTest.loginTest(LoginTest.java:30)
... Removed 29 stack frames]]>
    </failure>
  </testcase> <!-- loginTest -->
</testsuite> <!-- BaningApp Test -->
