<?xml version="1.0" encoding="UTF-8"?>
<testng-results skipped="0" failed="0" ignored="0" total="1" passed="1">
  <reporter-output>
  </reporter-output>
  <suite name="Failed suite [INetBankigV1]" duration-ms="26927" started-at="2020-06-05T11:15:48Z" finished-at="2020-06-05T11:16:15Z">
    <groups>
    </groups>
    <test name="BankingAppchrome Test(failed)" duration-ms="26927" started-at="2020-06-05T11:15:48Z" finished-at="2020-06-05T11:16:15Z">
      <class name="com.iNetbanking.testcases.LoginTest">
        <test-method status="PASS" signature="setup(java.lang.String)[pri:0, instance:com.iNetbanking.testcases.LoginTest@2ac273d3]" name="setup" is-config="true" duration-ms="22523" started-at="2020-06-05T16:45:48Z" finished-at="2020-06-05T16:46:11Z">
          <params>
            <param index="0">
              <value>
                <![CDATA[chrome]]>
              </value>
            </param>
          </params>
          <reporter-output>
          </reporter-output>
        </test-method> <!-- setup -->
        <test-method status="PASS" signature="loginTest()[pri:0, instance:com.iNetbanking.testcases.LoginTest@2ac273d3]" name="loginTest" duration-ms="3145" started-at="2020-06-05T16:46:11Z" finished-at="2020-06-05T16:46:14Z">
          <reporter-output>
          </reporter-output>
        </test-method> <!-- loginTest -->
        <test-method status="PASS" signature="tearDown()[pri:0, instance:com.iNetbanking.testcases.LoginTest@2ac273d3]" name="tearDown" is-config="true" duration-ms="710" started-at="2020-06-05T16:46:14Z" finished-at="2020-06-05T16:46:15Z">
          <reporter-output>
          </reporter-output>
        </test-method> <!-- tearDown -->
      </class> <!-- com.iNetbanking.testcases.LoginTest -->
    </test> <!-- BankingAppchrome Test(failed) -->
  </suite> <!-- Failed suite [INetBankigV1] -->
</testng-results>
